<?xml version="1.0" encoding="UTF-8"?>
<!-- Generated by org.testng.reporters.JUnitXMLReporter -->
<testsuite ignored="0" hostname="ANKIT-SYS" failures="2" tests="2" name="Test" time="18.004" errors="0" timestamp="2025-07-06T21:33:03 IST">
  <testcase classname="com.myOnlineStore.qa.testCases.LoginPageTest" name="loginPageInvalid" time="0.916">
    <failure type="java.lang.AssertionError" message="null">
      <![CDATA[java.lang.AssertionError: null
at com.myOnlineStore.qa.testCases.LoginPageTest.loginPageInvalid(LoginPageTest.java:74)
at java.base/java.util.ArrayList.forEach(ArrayList.java:1596)
... Removed 27 stack frames]]>
    </failure>
  </testcase> <!-- loginPageInvalid -->
  <testcase classname="com.myOnlineStore.qa.testCases.AddToCartTest" name="addItemToCartScenario" time="6.583">
    <failure type="java.lang.AssertionError" message="null">
      <![CDATA[java.lang.AssertionError: null
at com.myOnlineStore.qa.testCases.AddToCartTest.addItemToCartScenario(AddToCartTest.java:89)
at java.base/java.util.ArrayList.forEach(ArrayList.java:1596)
... Removed 27 stack frames]]>
    </failure>
  </testcase> <!-- addItemToCartScenario -->
</testsuite> <!-- Test -->
