<?xml version="1.0" encoding="UTF-8"?>
<!-- Generated by org.testng.reporters.JUnitXMLReporter -->
<testsuite ignored="0" hostname="ANKIT-SYS" failures="2" tests="2" name="Edge Test" time="20.136" errors="0" timestamp="2025-07-06T22:27:19 IST">
  <testcase classname="com.myOnlineStore.qa.testCases.LoginPageTest" name="loginPageInvalid" time="1.232">
    <failure type="java.lang.AssertionError" message="null">
      <![CDATA[java.lang.AssertionError: null
at com.myOnlineStore.qa.testCases.LoginPageTest.loginPageInvalid(LoginPageTest.java:75)
at java.base/java.util.ArrayList.forEach(ArrayList.java:1596)
at java.base/java.util.concurrent.FutureTask.run(FutureTask.java:317)
at java.base/java.util.concurrent.ThreadPoolExecutor.runWorker(ThreadPoolExecutor.java:1144)
at java.base/java.util.concurrent.ThreadPoolExecutor$Worker.run(ThreadPoolExecutor.java:642)
at java.base/java.lang.Thread.run(Thread.java:1583)
... Removed 17 stack frames]]>
    </failure>
  </testcase> <!-- loginPageInvalid -->
  <testcase classname="com.myOnlineStore.qa.testCases.AddToCartTest" name="addItemToCartScenario" time="1.286">
    <failure type="java.lang.AssertionError" message="null">
      <![CDATA[java.lang.AssertionError: null
at com.myOnlineStore.qa.testCases.AddToCartTest.addItemToCartScenario(AddToCartTest.java:91)
at java.base/java.util.ArrayList.forEach(ArrayList.java:1596)
at java.base/java.util.concurrent.FutureTask.run(FutureTask.java:317)
at java.base/java.util.concurrent.ThreadPoolExecutor.runWorker(ThreadPoolExecutor.java:1144)
at java.base/java.util.concurrent.ThreadPoolExecutor$Worker.run(ThreadPoolExecutor.java:642)
at java.base/java.lang.Thread.run(Thread.java:1583)
... Removed 17 stack frames]]>
    </failure>
  </testcase> <!-- addItemToCartScenario -->
</testsuite> <!-- Edge Test -->
